#
# There is insufficient memory for the Java Runtime Environment to continue.
# Native memory allocation (mmap) failed to map 43515904 bytes for committing reserved memory.
# Possible reasons:
#   The system is out of physical RAM or swap space
#   In 32 bit mode, the process size limit was hit
# Possible solutions:
#   Reduce memory load on the system
#   Increase physical memory or swap space
#   Check if swap backing store is full
#   Use 64 bit Java on a 64 bit OS
#   Decrease Java heap size (-Xmx/-Xms)
#   Decrease number of Java threads
#   Decrease Java thread stack sizes (-Xss)
#   Set larger code cache with -XX:ReservedCodeCacheSize=
# This output file may be truncated or incomplete.
#
#  Out of Memory Error (os_linux.cpp:2627), pid=18435, tid=0x00007f97c7b5d700
#
# JRE version:  (8.0_111-b14) (build )
# Java VM: Java HotSpot(TM) 64-Bit Server VM (25.111-b14 mixed mode linux-amd64 compressed oops)
# Failed to write core dump. Core dumps have been disabled. To enable core dumping, try "ulimit -c unlimited" before starting Java again
#

---------------  T H R E A D  ---------------

Current thread (0x00007f97c000a000):  JavaThread "Unknown thread" [_thread_in_vm, id=18436, stack(0x00007f97c7a5d000,0x00007f97c7b5e000)]

Stack: [0x00007f97c7a5d000,0x00007f97c7b5e000],  sp=0x00007f97c7b5c380,  free space=1020k
Native frames: (J=compiled Java code, j=interpreted, Vv=VM code, C=native code)
V  [libjvm.so+0xac5c2a]  VMError::report_and_die()+0x2ba
V  [libjvm.so+0x4fc50b]  report_vm_out_of_memory(char const*, int, unsigned long, VMErrorType, char const*)+0x8b
V  [libjvm.so+0x922ae3]  os::Linux::commit_memory_impl(char*, unsigned long, bool)+0x103
V  [libjvm.so+0x923039]  os::pd_commit_memory(char*, unsigned long, unsigned long, bool)+0x29
V  [libjvm.so+0x91d33a]  os::commit_memory(char*, unsigned long, unsigned long, bool)+0x2a
V  [libjvm.so+0x991ac3]  PSVirtualSpace::expand_by(unsigned long)+0x53
V  [libjvm.so+0x981bd7]  PSOldGen::initialize(ReservedSpace, unsigned long, char const*, int)+0xb7
V  [libjvm.so+0x2d88ea]  AdjoiningGenerations::AdjoiningGenerations(ReservedSpace, GenerationSizer*, unsigned long)+0x39a
V  [libjvm.so+0x945e96]  ParallelScavengeHeap::initialize()+0x1d6
V  [libjvm.so+0xa8dd53]  Universe::initialize_heap()+0xf3
V  [libjvm.so+0xa8e2be]  universe_init()+0x3e
V  [libjvm.so+0x63c925]  init_globals()+0x65
V  [libjvm.so+0xa719be]  Threads::create_vm(JavaVMInitArgs*, bool*)+0x23e
V  [libjvm.so+0x6d11c4]  JNI_CreateJavaVM+0x74
C  [libjli.so+0x745e]  JavaMain+0x9e
C  [libpthread.so.0+0x8182]  start_thread+0xc2


---------------  P R O C E S S  ---------------

Java Threads: ( => current thread )

Other Threads:

=>0x00007f97c000a000 (exited) JavaThread "Unknown thread" [_thread_in_vm, id=18436, stack(0x00007f97c7a5d000,0x00007f97c7b5e000)]

VM state:not at safepoint (not fully initialized)

VM Mutex/Monitor currently owned by a thread: None

GC Heap History (0 events):
No events

Deoptimization events (0 events):
No events

Internal exceptions (0 events):
No events

Events (0 events):
No events


Dynamic libraries:
00400000-00401000 r-xp 00000000 08:01 2054                               /usr/lib/jvm/java-8-oracle/bin/java
00600000-00601000 rw-p 00000000 08:01 2054                               /usr/lib/jvm/java-8-oracle/bin/java
00be9000-00c0a000 rw-p 00000000 00:00 0                                  [heap]
c5180000-eb800000 ---p 00000000 00:00 0 
eb800000-ecc80000 rw-p 00000000 00:00 0 
ecc80000-100000000 ---p 00000000 00:00 0 
7f97b1000000-7f97b1270000 rwxp 00000000 00:00 0 
7f97b1270000-7f97c0000000 ---p 00000000 00:00 0 
7f97c0000000-7f97c0032000 rw-p 00000000 00:00 0 
7f97c0032000-7f97c4000000 ---p 00000000 00:00 0 
7f97c4397000-7f97c461e000 rw-p 00000000 00:00 0 
7f97c461e000-7f97c4766000 ---p 00000000 00:00 0 
7f97c4766000-7f97c4771000 rw-p 00000000 00:00 0 
7f97c4771000-7f97c480a000 ---p 00000000 00:00 0 
7f97c480a000-7f97c4815000 rw-p 00000000 00:00 0 
7f97c4815000-7f97c4bcb000 ---p 00000000 00:00 0 
7f97c4bcb000-7f97c4be5000 r-xp 00000000 08:01 546928                     /usr/lib/jvm/java-8-oracle/jre/lib/amd64/libzip.so
7f97c4be5000-7f97c4de5000 ---p 0001a000 08:01 546928                     /usr/lib/jvm/java-8-oracle/jre/lib/amd64/libzip.so
7f97c4de5000-7f97c4de6000 rw-p 0001a000 08:01 546928                     /usr/lib/jvm/java-8-oracle/jre/lib/amd64/libzip.so
7f97c4de6000-7f97c4df1000 r-xp 00000000 08:01 1053582                    /lib/x86_64-linux-gnu/libnss_files-2.19.so
7f97c4df1000-7f97c4ff0000 ---p 0000b000 08:01 1053582                    /lib/x86_64-linux-gnu/libnss_files-2.19.so
7f97c4ff0000-7f97c4ff1000 r--p 0000a000 08:01 1053582                    /lib/x86_64-linux-gnu/libnss_files-2.19.so
7f97c4ff1000-7f97c4ff2000 rw-p 0000b000 08:01 1053582                    /lib/x86_64-linux-gnu/libnss_files-2.19.so
7f97c4ff2000-7f97c4ffd000 r-xp 00000000 08:01 1053592                    /lib/x86_64-linux-gnu/libnss_nis-2.19.so
7f97c4ffd000-7f97c51fc000 ---p 0000b000 08:01 1053592                    /lib/x86_64-linux-gnu/libnss_nis-2.19.so
7f97c51fc000-7f97c51fd000 r--p 0000a000 08:01 1053592                    /lib/x86_64-linux-gnu/libnss_nis-2.19.so
7f97c51fd000-7f97c51fe000 rw-p 0000b000 08:01 1053592                    /lib/x86_64-linux-gnu/libnss_nis-2.19.so
7f97c51fe000-7f97c5215000 r-xp 00000000 08:01 1053576                    /lib/x86_64-linux-gnu/libnsl-2.19.so
7f97c5215000-7f97c5414000 ---p 00017000 08:01 1053576                    /lib/x86_64-linux-gnu/libnsl-2.19.so
7f97c5414000-7f97c5415000 r--p 00016000 08:01 1053576                    /lib/x86_64-linux-gnu/libnsl-2.19.so
7f97c5415000-7f97c5416000 rw-p 00017000 08:01 1053576                    /lib/x86_64-linux-gnu/libnsl-2.19.so
7f97c5416000-7f97c5418000 rw-p 00000000 00:00 0 
7f97c5418000-7f97c5421000 r-xp 00000000 08:01 1053578                    /lib/x86_64-linux-gnu/libnss_compat-2.19.so
7f97c5421000-7f97c5620000 ---p 00009000 08:01 1053578                    /lib/x86_64-linux-gnu/libnss_compat-2.19.so
7f97c5620000-7f97c5621000 r--p 00008000 08:01 1053578                    /lib/x86_64-linux-gnu/libnss_compat-2.19.so
7f97c5621000-7f97c5622000 rw-p 00009000 08:01 1053578                    /lib/x86_64-linux-gnu/libnss_compat-2.19.so
7f97c5622000-7f97c564d000 r-xp 00000000 08:01 546880                     /usr/lib/jvm/java-8-oracle/jre/lib/amd64/libjava.so
7f97c564d000-7f97c584c000 ---p 0002b000 08:01 546880                     /usr/lib/jvm/java-8-oracle/jre/lib/amd64/libjava.so
7f97c584c000-7f97c584e000 rw-p 0002a000 08:01 546880                     /usr/lib/jvm/java-8-oracle/jre/lib/amd64/libjava.so
7f97c584e000-7f97c585b000 r-xp 00000000 08:01 546863                     /usr/lib/jvm/java-8-oracle/jre/lib/amd64/libverify.so
7f97c585b000-7f97c5a5a000 ---p 0000d000 08:01 546863                     /usr/lib/jvm/java-8-oracle/jre/lib/amd64/libverify.so
7f97c5a5a000-7f97c5a5c000 rw-p 0000c000 08:01 546863                     /usr/lib/jvm/java-8-oracle/jre/lib/amd64/libverify.so
7f97c5a5c000-7f97c5a63000 r-xp 00000000 08:01 1053635                    /lib/x86_64-linux-gnu/librt-2.19.so
7f97c5a63000-7f97c5c62000 ---p 00007000 08:01 1053635                    /lib/x86_64-linux-gnu/librt-2.19.so
7f97c5c62000-7f97c5c63000 r--p 00006000 08:01 1053635                    /lib/x86_64-linux-gnu/librt-2.19.so
7f97c5c63000-7f97c5c64000 rw-p 00007000 08:01 1053635                    /lib/x86_64-linux-gnu/librt-2.19.so
7f97c5c64000-7f97c5d69000 r-xp 00000000 08:01 1053557                    /lib/x86_64-linux-gnu/libm-2.19.so
7f97c5d69000-7f97c5f68000 ---p 00105000 08:01 1053557                    /lib/x86_64-linux-gnu/libm-2.19.so
7f97c5f68000-7f97c5f69000 r--p 00104000 08:01 1053557                    /lib/x86_64-linux-gnu/libm-2.19.so
7f97c5f69000-7f97c5f6a000 rw-p 00105000 08:01 1053557                    /lib/x86_64-linux-gnu/libm-2.19.so
7f97c5f6a000-7f97c6c37000 r-xp 00000000 08:01 546871                     /usr/lib/jvm/java-8-oracle/jre/lib/amd64/server/libjvm.so
7f97c6c37000-7f97c6e36000 ---p 00ccd000 08:01 546871                     /usr/lib/jvm/java-8-oracle/jre/lib/amd64/server/libjvm.so
7f97c6e36000-7f97c6f0f000 rw-p 00ccc000 08:01 546871                     /usr/lib/jvm/java-8-oracle/jre/lib/amd64/server/libjvm.so
7f97c6f0f000-7f97c6f5a000 rw-p 00000000 00:00 0 
7f97c6f5a000-7f97c7115000 r-xp 00000000 08:01 1053507                    /lib/x86_64-linux-gnu/libc-2.19.so
7f97c7115000-7f97c7314000 ---p 001bb000 08:01 1053507                    /lib/x86_64-linux-gnu/libc-2.19.so
7f97c7314000-7f97c7318000 r--p 001ba000 08:01 1053507                    /lib/x86_64-linux-gnu/libc-2.19.so
7f97c7318000-7f97c731a000 rw-p 001be000 08:01 1053507                    /lib/x86_64-linux-gnu/libc-2.19.so
7f97c731a000-7f97c731f000 rw-p 00000000 00:00 0 
7f97c731f000-7f97c7322000 r-xp 00000000 08:01 1053524                    /lib/x86_64-linux-gnu/libdl-2.19.so
7f97c7322000-7f97c7521000 ---p 00003000 08:01 1053524                    /lib/x86_64-linux-gnu/libdl-2.19.so
7f97c7521000-7f97c7522000 r--p 00002000 08:01 1053524                    /lib/x86_64-linux-gnu/libdl-2.19.so
7f97c7522000-7f97c7523000 rw-p 00003000 08:01 1053524                    /lib/x86_64-linux-gnu/libdl-2.19.so
7f97c7523000-7f97c7538000 r-xp 00000000 08:01 11003                      /usr/lib/jvm/java-8-oracle/lib/amd64/jli/libjli.so
7f97c7538000-7f97c7738000 ---p 00015000 08:01 11003                      /usr/lib/jvm/java-8-oracle/lib/amd64/jli/libjli.so
7f97c7738000-7f97c7739000 rw-p 00015000 08:01 11003                      /usr/lib/jvm/java-8-oracle/lib/amd64/jli/libjli.so
7f97c7739000-7f97c7752000 r-xp 00000000 08:01 1053627                    /lib/x86_64-linux-gnu/libpthread-2.19.so
7f97c7752000-7f97c7951000 ---p 00019000 08:01 1053627                    /lib/x86_64-linux-gnu/libpthread-2.19.so
7f97c7951000-7f97c7952000 r--p 00018000 08:01 1053627                    /lib/x86_64-linux-gnu/libpthread-2.19.so
7f97c7952000-7f97c7953000 rw-p 00019000 08:01 1053627                    /lib/x86_64-linux-gnu/libpthread-2.19.so
7f97c7953000-7f97c7957000 rw-p 00000000 00:00 0 
7f97c7957000-7f97c797a000 r-xp 00000000 08:01 1053483                    /lib/x86_64-linux-gnu/ld-2.19.so
7f97c7a5d000-7f97c7a60000 ---p 00000000 00:00 0 
7f97c7a60000-7f97c7b62000 rw-p 00000000 00:00 0                          [stack:18436]
7f97c7b6a000-7f97c7b6d000 rw-p 00000000 00:00 0 
7f97c7b6d000-7f97c7b75000 rw-s 00000000 08:01 274049                     /tmp/hsperfdata_kimi/18435
7f97c7b75000-7f97c7b76000 rw-p 00000000 00:00 0 
7f97c7b76000-7f97c7b77000 r--p 00000000 00:00 0 
7f97c7b77000-7f97c7b79000 rw-p 00000000 00:00 0 
7f97c7b79000-7f97c7b7a000 r--p 00022000 08:01 1053483                    /lib/x86_64-linux-gnu/ld-2.19.so
7f97c7b7a000-7f97c7b7b000 rw-p 00023000 08:01 1053483                    /lib/x86_64-linux-gnu/ld-2.19.so
7f97c7b7b000-7f97c7b7c000 rw-p 00000000 00:00 0 
7fff88303000-7fff88324000 rw-p 00000000 00:00 0                          [stack]
7fff883ef000-7fff883f1000 r--p 00000000 00:00 0                          [vvar]
7fff883f1000-7fff883f3000 r-xp 00000000 00:00 0                          [vdso]
ffffffffff600000-ffffffffff601000 r-xp 00000000 00:00 0                  [vsyscall]

VM Arguments:
jvm_args: -Dmaven.multiModuleProjectDirectory=/home/kimi/IdeaProjects/RecsysServer -Dmaven.home=/home/kimi/softwares/idea-IU-163.7743.44/plugins/maven/lib/maven3 -Dclassworlds.conf=/home/kimi/softwares/idea-IU-163.7743.44/plugins/maven/lib/maven3/bin/m2.conf -Didea.launcher.port=7534 -Didea.launcher.bin.path=/home/kimi/softwares/idea-IU-163.7743.44/bin -Dfile.encoding=UTF-8 
java_command: com.intellij.rt.execution.application.AppMain org.codehaus.classworlds.Launcher -Didea.version=2016.3 install
java_class_path (initial): /home/kimi/softwares/idea-IU-163.7743.44/plugins/maven/lib/maven3/boot/plexus-classworlds-2.5.2.jar:/home/kimi/softwares/idea-IU-163.7743.44/lib/idea_rt.jar
Launcher Type: SUN_STANDARD

Environment Variables:
JAVA_HOME=/usr/lib/jvm/java-8-oracle
PATH=/usr/local/sbin:/usr/local/bin:/usr/sbin:/usr/bin:/sbin:/bin:/usr/games:/usr/local/games:/usr/lib/jvm/java-8-oracle/bin:/usr/lib/jvm/java-8-oracle/db/bin:/usr/lib/jvm/java-8-oracle/jre/bin
LD_LIBRARY_PATH=/home/kimi/softwares/idea-IU-163.7743.44/bin:
SHELL=/bin/zsh
DISPLAY=:0

Signal Handlers:
SIGSEGV: [libjvm.so+0xac64b0], sa_mask[0]=11111111011111111101111111111110, sa_flags=SA_RESTART|SA_SIGINFO
SIGBUS: [libjvm.so+0xac64b0], sa_mask[0]=11111111011111111101111111111110, sa_flags=SA_RESTART|SA_SIGINFO
SIGFPE: [libjvm.so+0x91f950], sa_mask[0]=11111111011111111101111111111110, sa_flags=SA_RESTART|SA_SIGINFO
SIGPIPE: [libjvm.so+0x91f950], sa_mask[0]=11111111011111111101111111111110, sa_flags=SA_RESTART|SA_SIGINFO
SIGXFSZ: [libjvm.so+0x91f950], sa_mask[0]=11111111011111111101111111111110, sa_flags=SA_RESTART|SA_SIGINFO
SIGILL: [libjvm.so+0x91f950], sa_mask[0]=11111111011111111101111111111110, sa_flags=SA_RESTART|SA_SIGINFO
SIGUSR1: SIG_DFL, sa_mask[0]=00000000000000000000000000000000, sa_flags=none
SIGUSR2: [libjvm.so+0x920f80], sa_mask[0]=00100000000000000000000000000000, sa_flags=SA_RESTART|SA_SIGINFO
SIGHUP: SIG_DFL, sa_mask[0]=00000000000000000000000000000000, sa_flags=none
SIGINT: SIG_DFL, sa_mask[0]=00000000000000000000000000000000, sa_flags=none
SIGTERM: SIG_DFL, sa_mask[0]=00000000000000000000000000000000, sa_flags=none
SIGQUIT: SIG_DFL, sa_mask[0]=00000000000000000000000000000000, sa_flags=none


---------------  S Y S T E M  ---------------

OS:DISTRIB_ID=Ubuntu
DISTRIB_RELEASE=14.04
DISTRIB_CODENAME=trusty
DISTRIB_DESCRIPTION="Ubuntu 14.04.4 LTS"

uname:Linux 4.2.0-27-generic #32~14.04.1-Ubuntu SMP Fri Jan 22 15:32:26 UTC 2016 x86_64
libc:glibc 2.19 NPTL 2.19 
rlimit: STACK 8192k, CORE 0k, NPROC 15656, NOFILE 4096, AS infinity
load average:1.28 1.46 0.90

/proc/meminfo:
MemTotal:        4029500 kB
MemFree:           31500 kB
MemAvailable:      50032 kB
Buffers:             264 kB
Cached:           105496 kB
SwapCached:         2024 kB
Active:          2533572 kB
Inactive:         935388 kB
Active(anon):    2526452 kB
Inactive(anon):   928240 kB
Active(file):       7120 kB
Inactive(file):     7148 kB
Unevictable:          48 kB
Mlocked:              48 kB
SwapTotal:       1046524 kB
SwapFree:              0 kB
Dirty:                16 kB
Writeback:             0 kB
AnonPages:       3362248 kB
Mapped:            21328 kB
Shmem:             91180 kB
Slab:              88032 kB
SReclaimable:      31172 kB
SUnreclaim:        56860 kB
KernelStack:       21872 kB
PageTables:        51516 kB
NFS_Unstable:          0 kB
Bounce:                0 kB
WritebackTmp:          0 kB
CommitLimit:     3061272 kB
Committed_AS:   10109788 kB
VmallocTotal:   34359738367 kB
VmallocUsed:      200356 kB
VmallocChunk:   34359310332 kB
HardwareCorrupted:     0 kB
AnonHugePages:   1052672 kB
CmaTotal:              0 kB
CmaFree:               0 kB
HugePages_Total:       0
HugePages_Free:        0
HugePages_Rsvd:        0
HugePages_Surp:        0
Hugepagesize:       2048 kB
DirectMap4k:      235328 kB
DirectMap2M:     3958784 kB
DirectMap1G:     2097152 kB


CPU:total 2 (1 cores per cpu, 1 threads per core) family 6 model 70 stepping 1, cmov, cx8, fxsr, mmx, sse, sse2, sse3, ssse3, sse4.1, sse4.2, popcnt, avx, avx2, aes, clmul, erms, lzcnt, tsc, tscinvbit, bmi1, bmi2

/proc/cpuinfo:
processor	: 0
vendor_id	: GenuineIntel
cpu family	: 6
model		: 70
model name	: Intel(R) Core(TM) i7-4870HQ CPU @ 2.50GHz
stepping	: 1
microcode	: 0x13
cpu MHz		: 2493.150
cache size	: 6144 KB
physical id	: 0
siblings	: 1
core id		: 0
cpu cores	: 1
apicid		: 0
initial apicid	: 0
fpu		: yes
fpu_exception	: yes
cpuid level	: 13
wp		: yes
flags		: fpu vme de pse tsc msr pae mce cx8 apic sep mtrr pge mca cmov pat pse36 clflush dts mmx fxsr sse sse2 ss syscall nx pdpe1gb rdtscp lm constant_tsc arch_perfmon pebs bts nopl xtopology tsc_reliable nonstop_tsc aperfmperf eagerfpu pni pclmulqdq ssse3 fma cx16 pcid sse4_1 sse4_2 x2apic movbe popcnt tsc_deadline_timer aes xsave avx f16c rdrand hypervisor lahf_lm abm ida arat epb pln pts dtherm fsgsbase tsc_adjust bmi1 avx2 smep bmi2 invpcid xsaveopt
bugs		:
bogomips	: 4986.30
clflush size	: 64
cache_alignment	: 64
address sizes	: 42 bits physical, 48 bits virtual
power management:

processor	: 1
vendor_id	: GenuineIntel
cpu family	: 6
model		: 70
model name	: Intel(R) Core(TM) i7-4870HQ CPU @ 2.50GHz
stepping	: 1
microcode	: 0x13
cpu MHz		: 2493.150
cache size	: 6144 KB
physical id	: 2
siblings	: 1
core id		: 0
cpu cores	: 1
apicid		: 2
initial apicid	: 2
fpu		: yes
fpu_exception	: yes
cpuid level	: 13
wp		: yes
flags		: fpu vme de pse tsc msr pae mce cx8 apic sep mtrr pge mca cmov pat pse36 clflush dts mmx fxsr sse sse2 ss syscall nx pdpe1gb rdtscp lm constant_tsc arch_perfmon pebs bts nopl xtopology tsc_reliable nonstop_tsc aperfmperf eagerfpu pni pclmulqdq ssse3 fma cx16 pcid sse4_1 sse4_2 x2apic movbe popcnt tsc_deadline_timer aes xsave avx f16c rdrand hypervisor lahf_lm abm ida arat epb pln pts dtherm fsgsbase tsc_adjust bmi1 avx2 smep bmi2 invpcid xsaveopt
bugs		:
bogomips	: 4986.30
clflush size	: 64
cache_alignment	: 64
address sizes	: 42 bits physical, 48 bits virtual
power management:



Memory: 4k page, physical 4029500k(30536k free), swap 1046524k(0k free)

vm_info: Java HotSpot(TM) 64-Bit Server VM (25.111-b14) for linux-amd64 JRE (1.8.0_111-b14), built on Sep 22 2016 16:14:03 by "java_re" with gcc 4.3.0 20080428 (Red Hat 4.3.0-8)

time: Sat Nov 26 21:42:48 2016
elapsed time: 0 seconds (0d 0h 0m 0s)

